<?xml version="1.0" encoding="UTF-8"?>
<testsuite name="TestFlatMap" tests="2" skipped="0" failures="0" errors="0" timestamp="2019-01-29T19:45:08" hostname="AMAC02S874AG8WN" time="0.038">
  <properties/>
  <testcase name="testGetOrderedProductsSet" classname="TestFlatMap" time="0.036"/>
  <testcase name="testGetAllOrderedProducts" classname="TestFlatMap" time="0.001"/>
  <system-out><![CDATA[]]></system-out>
  <system-err><![CDATA[]]></system-err>
</testsuite>
