<?xml version="1.0" encoding="UTF-8"?>
<testsuite name="TestFunctions" tests="1" skipped="0" failures="0" errors="0" timestamp="2019-01-16T11:22:32" hostname="AMAC02S874AG8WN" time="0.018">
  <properties/>
  <testcase name="collection" classname="TestFunctions" time="0.018"/>
  <system-out><![CDATA[]]></system-out>
  <system-err><![CDATA[]]></system-err>
</testsuite>
