<?xml version="1.0" encoding="UTF-8"?>
<testsuite name="TestOperatorsOverloading" tests="3" skipped="0" failures="0" errors="0" timestamp="2019-01-29T20:00:29" hostname="AMAC02S874AG8WN" time="0.015">
  <properties/>
  <testcase name="testOneMonth" classname="TestOperatorsOverloading" time="0.014"/>
  <testcase name="testAddOneTimeInterval" classname="TestOperatorsOverloading" time="0.0"/>
  <testcase name="testMonthChange" classname="TestOperatorsOverloading" time="0.0"/>
  <system-out><![CDATA[]]></system-out>
  <system-err><![CDATA[]]></system-err>
</testsuite>
