<?xml version="1.0" encoding="UTF-8"?>
<testsuite name="TetLazyProperty" tests="2" skipped="0" failures="0" errors="0" timestamp="2019-01-30T00:22:25" hostname="AMAC02S874AG8WN" time="0.005">
  <properties/>
  <testcase name="testLazy" classname="TetLazyProperty" time="0.004"/>
  <testcase name="initializedOnce" classname="TetLazyProperty" time="0.001"/>
  <system-out><![CDATA[]]></system-out>
  <system-err><![CDATA[]]></system-err>
</testsuite>
