<?xml version="1.0" encoding="UTF-8"?>
<testsuite name="TestDelegatesExamples" tests="2" skipped="0" failures="0" errors="0" timestamp="2019-01-30T00:23:18" hostname="AMAC02S874AG8WN" time="0.019">
  <properties/>
  <testcase name="testLazy" classname="TestDelegatesExamples" time="0.018"/>
  <testcase name="initializedOnce" classname="TestDelegatesExamples" time="0.0"/>
  <system-out><![CDATA[]]></system-out>
  <system-err><![CDATA[]]></system-err>
</testsuite>
