<?xml version="1.0" encoding="UTF-8"?>
<testsuite name="TestExtensionsOnCollections" tests="1" skipped="0" failures="0" errors="0" timestamp="2019-01-23T08:52:42" hostname="AMAC02S874AG8WN" time="0.023">
  <properties/>
  <testcase name="testSort" classname="TestExtensionsOnCollections" time="0.023"/>
  <system-out><![CDATA[]]></system-out>
  <system-err><![CDATA[]]></system-err>
</testsuite>
