<?xml version="1.0" encoding="UTF-8"?>
<testsuite name="TestComparison" tests="2" skipped="0" failures="0" errors="0" timestamp="2019-01-23T09:07:44" hostname="AMAC02S874AG8WN" time="0.004">
  <properties/>
  <testcase name="testAfter" classname="TestComparison" time="0.004"/>
  <testcase name="testBefore" classname="TestComparison" time="0.0"/>
  <system-out><![CDATA[]]></system-out>
  <system-err><![CDATA[]]></system-err>
</testsuite>
