<?xml version="1.0" encoding="UTF-8"?>
<testsuite name="TestSamConversions" tests="1" skipped="0" failures="0" errors="0" timestamp="2019-01-16T12:36:58" hostname="AMAC02S874AG8WN" time="0.019">
  <properties/>
  <testcase name="testSort" classname="TestSamConversions" time="0.019"/>
  <system-out><![CDATA[]]></system-out>
  <system-err><![CDATA[]]></system-err>
</testsuite>
