<?xml version="1.0" encoding="UTF-8"?>
<testsuite name="TestSum" tests="1" skipped="0" failures="0" errors="0" timestamp="2019-01-29T19:55:18" hostname="AMAC02S874AG8WN" time="0.034">
  <properties/>
  <testcase name="testGetTotalOrderPrice" classname="TestSum" time="0.034"/>
  <system-out><![CDATA[]]></system-out>
  <system-err><![CDATA[]]></system-err>
</testsuite>
