<?xml version="1.0" encoding="UTF-8"?>
<testsuite name="TestObjectExpressions" tests="1" skipped="0" failures="0" errors="0" timestamp="2019-01-16T12:36:40" hostname="AMAC02S874AG8WN" time="0.027">
  <properties/>
  <testcase name="testSort" classname="TestObjectExpressions" time="0.027"/>
  <system-out><![CDATA[]]></system-out>
  <system-err><![CDATA[]]></system-err>
</testsuite>
