<?xml version="1.0" encoding="UTF-8"?>
<testsuite name="TestFold" tests="1" skipped="0" failures="0" errors="0" timestamp="2019-01-29T23:31:08" hostname="AMAC02S874AG8WN" time="0.037">
  <properties/>
  <testcase name="testGetProductsOrderedByAllCustomers" classname="TestFold" time="0.037"/>
  <system-out><![CDATA[]]></system-out>
  <system-err><![CDATA[]]></system-err>
</testsuite>
