<?xml version="1.0" encoding="UTF-8"?>
<testsuite name="TestLambdas" tests="2" skipped="0" failures="0" errors="0" timestamp="2019-01-16T11:43:21" hostname="AMAC02S874AG8WN" time="0.017">
  <properties/>
  <testcase name="contains" classname="TestLambdas" time="0.017"/>
  <testcase name="notContains" classname="TestLambdas" time="0.0"/>
  <system-out><![CDATA[]]></system-out>
  <system-err><![CDATA[]]></system-err>
</testsuite>
