<?xml version="1.0" encoding="UTF-8"?>
<testsuite name="TestForLoop" tests="2" skipped="0" failures="0" errors="0" timestamp="2019-01-23T09:42:57" hostname="AMAC02S874AG8WN" time="0.022">
  <properties/>
  <testcase name="testIterateOverDateRange" classname="TestForLoop" time="0.021"/>
  <testcase name="testIterateOverEmptyRange" classname="TestForLoop" time="0.001"/>
  <system-out><![CDATA[]]></system-out>
  <system-err><![CDATA[]]></system-err>
</testsuite>
