<?xml version="1.0" encoding="UTF-8"?>
<testsuite name="TestExtensionFunctions" tests="2" skipped="0" failures="0" errors="0" timestamp="2019-01-16T12:26:12" hostname="AMAC02S874AG8WN" time="0.003">
  <properties/>
  <testcase name="testPairExtension" classname="TestExtensionFunctions" time="0.003"/>
  <testcase name="testIntExtension" classname="TestExtensionFunctions" time="0.0"/>
  <system-out><![CDATA[]]></system-out>
  <system-err><![CDATA[]]></system-err>
</testsuite>
