<?xml version="1.0" encoding="UTF-8"?>
<testsuite name="TestRangeTo" tests="1" skipped="0" failures="0" errors="0" timestamp="2019-01-23T09:24:39" hostname="AMAC02S874AG8WN" time="0.004">
  <properties/>
  <testcase name="testInRange" classname="TestRangeTo" time="0.004"/>
  <system-out><![CDATA[]]></system-out>
  <system-err><![CDATA[]]></system-err>
</testsuite>
