<?xml version="1.0" encoding="UTF-8"?>
<testsuite name="TestGroupBy" tests="1" skipped="0" failures="0" errors="0" timestamp="2019-01-29T19:57:19" hostname="AMAC02S874AG8WN" time="0.033">
  <properties/>
  <testcase name="testGroupCustomersByCity" classname="TestGroupBy" time="0.033"/>
  <system-out><![CDATA[]]></system-out>
  <system-err><![CDATA[]]></system-err>
</testsuite>
